Starting up http-server, serving dist/
Available on:
  http://127.0.0.1:4200
  http://192.168.1.100:4200
Hit CTRL-C to stop the server
[Sat Oct 21 2017 11:42:09 GMT+0800 (CST)] "GET /" "Mozilla/5.0 (Macintosh; Intel Mac OS X 10_12_5) AppleWebKit/537.36 (KHTML, like Gecko) Chrome/61.0.3163.100 Safari/537.36"
[Sat Oct 21 2017 11:42:09 GMT+0800 (CST)] "GET /inline.bundle.js" "Mozilla/5.0 (Macintosh; Intel Mac OS X 10_12_5) AppleWebKit/537.36 (KHTML, like Gecko) Chrome/61.0.3163.100 Safari/537.36"
[Sat Oct 21 2017 11:42:09 GMT+0800 (CST)] "GET /polyfills.bundle.js" "Mozilla/5.0 (Macintosh; Intel Mac OS X 10_12_5) AppleWebKit/537.36 (KHTML, like Gecko) Chrome/61.0.3163.100 Safari/537.36"
[Sat Oct 21 2017 11:42:09 GMT+0800 (CST)] "GET /scripts.bundle.js" "Mozilla/5.0 (Macintosh; Intel Mac OS X 10_12_5) AppleWebKit/537.36 (KHTML, like Gecko) Chrome/61.0.3163.100 Safari/537.36"
[Sat Oct 21 2017 11:42:09 GMT+0800 (CST)] "GET /styles.bundle.js" "Mozilla/5.0 (Macintosh; Intel Mac OS X 10_12_5) AppleWebKit/537.36 (KHTML, like Gecko) Chrome/61.0.3163.100 Safari/537.36"
[Sat Oct 21 2017 11:42:09 GMT+0800 (CST)] "GET /vendor.bundle.js" "Mozilla/5.0 (Macintosh; Intel Mac OS X 10_12_5) AppleWebKit/537.36 (KHTML, like Gecko) Chrome/61.0.3163.100 Safari/537.36"
[Sat Oct 21 2017 11:42:09 GMT+0800 (CST)] "GET /main.bundle.js" "Mozilla/5.0 (Macintosh; Intel Mac OS X 10_12_5) AppleWebKit/537.36 (KHTML, like Gecko) Chrome/61.0.3163.100 Safari/537.36"
[Sat Oct 21 2017 11:42:09 GMT+0800 (CST)] "GET /inline.bundle.js.map" "Mozilla/5.0 (Macintosh; Intel Mac OS X 10_12_5) AppleWebKit/537.36 (KHTML, like Gecko) Chrome/61.0.3163.100 Safari/537.36"
[Sat Oct 21 2017 11:42:09 GMT+0800 (CST)] "GET /polyfills.bundle.js.map" "Mozilla/5.0 (Macintosh; Intel Mac OS X 10_12_5) AppleWebKit/537.36 (KHTML, like Gecko) Chrome/61.0.3163.100 Safari/537.36"
[Sat Oct 21 2017 11:42:09 GMT+0800 (CST)] "GET /styles.bundle.js.map" "Mozilla/5.0 (Macintosh; Intel Mac OS X 10_12_5) AppleWebKit/537.36 (KHTML, like Gecko) Chrome/61.0.3163.100 Safari/537.36"
[Sat Oct 21 2017 11:42:09 GMT+0800 (CST)] "GET /toastr.js.map" "Mozilla/5.0 (Macintosh; Intel Mac OS X 10_12_5) AppleWebKit/537.36 (KHTML, like Gecko) Chrome/61.0.3163.100 Safari/537.36"
[Sat Oct 21 2017 11:42:09 GMT+0800 (CST)] "GET /toastr.js.map" Error (404): "Not found"
[Sat Oct 21 2017 11:42:10 GMT+0800 (CST)] "GET /vendor.bundle.js.map" "Mozilla/5.0 (Macintosh; Intel Mac OS X 10_12_5) AppleWebKit/537.36 (KHTML, like Gecko) Chrome/61.0.3163.100 Safari/537.36"
[Sat Oct 21 2017 11:42:10 GMT+0800 (CST)] "GET /main.bundle.js.map" "Mozilla/5.0 (Macintosh; Intel Mac OS X 10_12_5) AppleWebKit/537.36 (KHTML, like Gecko) Chrome/61.0.3163.100 Safari/537.36"
[Sat Oct 21 2017 11:42:10 GMT+0800 (CST)] "GET /home.module.chunk.js" "Mozilla/5.0 (Macintosh; Intel Mac OS X 10_12_5) AppleWebKit/537.36 (KHTML, like Gecko) Chrome/61.0.3163.100 Safari/537.36"
[Sat Oct 21 2017 11:42:10 GMT+0800 (CST)] "GET /glyphicons-halflings-regular.448c34a56d699c29117a.woff2" "Mozilla/5.0 (Macintosh; Intel Mac OS X 10_12_5) AppleWebKit/537.36 (KHTML, like Gecko) Chrome/61.0.3163.100 Safari/537.36"
[Sat Oct 21 2017 11:42:10 GMT+0800 (CST)] "GET /home.module.chunk.js.map" "Mozilla/5.0 (Macintosh; Intel Mac OS X 10_12_5) AppleWebKit/537.36 (KHTML, like Gecko) Chrome/61.0.3163.100 Safari/537.36"
[Sat Oct 21 2017 11:42:31 GMT+0800 (CST)] "GET /blog.module.chunk.js" "Mozilla/5.0 (Macintosh; Intel Mac OS X 10_12_5) AppleWebKit/537.36 (KHTML, like Gecko) Chrome/61.0.3163.100 Safari/537.36"
[Sat Oct 21 2017 11:42:31 GMT+0800 (CST)] "GET /common.chunk.js" "Mozilla/5.0 (Macintosh; Intel Mac OS X 10_12_5) AppleWebKit/537.36 (KHTML, like Gecko) Chrome/61.0.3163.100 Safari/537.36"
[Sat Oct 21 2017 11:42:31 GMT+0800 (CST)] "GET /common.chunk.js.map" "Mozilla/5.0 (Macintosh; Intel Mac OS X 10_12_5) AppleWebKit/537.36 (KHTML, like Gecko) Chrome/61.0.3163.100 Safari/537.36"
[Sat Oct 21 2017 11:42:31 GMT+0800 (CST)] "GET /blog.module.chunk.js.map" "Mozilla/5.0 (Macintosh; Intel Mac OS X 10_12_5) AppleWebKit/537.36 (KHTML, like Gecko) Chrome/61.0.3163.100 Safari/537.36"
[Sat Oct 21 2017 11:43:34 GMT+0800 (CST)] "GET /blog" "Mozilla/5.0 (Macintosh; Intel Mac OS X 10_12_5) AppleWebKit/537.36 (KHTML, like Gecko) Chrome/61.0.3163.100 Safari/537.36"
[Sat Oct 21 2017 11:43:34 GMT+0800 (CST)] "GET /blog" Error (404): "Not found"
[Sat Oct 21 2017 11:43:48 GMT+0800 (CST)] "GET /blog" "Mozilla/5.0 (Macintosh; Intel Mac OS X 10_12_5) AppleWebKit/537.36 (KHTML, like Gecko) Chrome/61.0.3163.100 Safari/537.36"
[Sat Oct 21 2017 11:43:48 GMT+0800 (CST)] "GET /blog" Error (404): "Not found"
[Sat Oct 21 2017 11:43:49 GMT+0800 (CST)] "GET /blog" "Mozilla/5.0 (Macintosh; Intel Mac OS X 10_12_5) AppleWebKit/537.36 (KHTML, like Gecko) Chrome/61.0.3163.100 Safari/537.36"
[Sat Oct 21 2017 11:43:49 GMT+0800 (CST)] "GET /blog" Error (404): "Not found"
[Sat Oct 21 2017 11:43:51 GMT+0800 (CST)] "GET /blog" "Mozilla/5.0 (Macintosh; Intel Mac OS X 10_12_5) AppleWebKit/537.36 (KHTML, like Gecko) Chrome/61.0.3163.100 Safari/537.36"
[Sat Oct 21 2017 11:43:51 GMT+0800 (CST)] "GET /blog" Error (404): "Not found"
[Sat Oct 21 2017 11:43:56 GMT+0800 (CST)] "GET /toastr.js.map" "Mozilla/5.0 (Macintosh; Intel Mac OS X 10_12_5) AppleWebKit/537.36 (KHTML, like Gecko) Chrome/61.0.3163.100 Safari/537.36"
[Sat Oct 21 2017 11:43:56 GMT+0800 (CST)] "GET /toastr.js.map" Error (404): "Not found"
[Sat Oct 21 2017 11:44:14 GMT+0800 (CST)] "GET /toastr.js.map" "Mozilla/5.0 (Macintosh; Intel Mac OS X 10_12_5) AppleWebKit/537.36 (KHTML, like Gecko) Chrome/61.0.3163.100 Safari/537.36"
[Sat Oct 21 2017 11:44:14 GMT+0800 (CST)] "GET /toastr.js.map" Error (404): "Not found"
[Sat Oct 21 2017 11:44:26 GMT+0800 (CST)] "GET /blog" "Mozilla/5.0 (Macintosh; Intel Mac OS X 10_12_5) AppleWebKit/537.36 (KHTML, like Gecko) Chrome/61.0.3163.100 Safari/537.36"
[Sat Oct 21 2017 11:44:26 GMT+0800 (CST)] "GET /blog" Error (404): "Not found"
[Sat Oct 21 2017 11:44:28 GMT+0800 (CST)] "GET /blog" "Mozilla/5.0 (Macintosh; Intel Mac OS X 10_12_5) AppleWebKit/537.36 (KHTML, like Gecko) Chrome/61.0.3163.100 Safari/537.36"
[Sat Oct 21 2017 11:44:28 GMT+0800 (CST)] "GET /blog" Error (404): "Not found"
[Sat Oct 21 2017 11:44:31 GMT+0800 (CST)] "GET /toastr.js.map" "Mozilla/5.0 (Macintosh; Intel Mac OS X 10_12_5) AppleWebKit/537.36 (KHTML, like Gecko) Chrome/61.0.3163.100 Safari/537.36"
[Sat Oct 21 2017 11:44:31 GMT+0800 (CST)] "GET /toastr.js.map" Error (404): "Not found"
[Sat Oct 21 2017 11:44:37 GMT+0800 (CST)] "GET /blog" "Mozilla/5.0 (Macintosh; Intel Mac OS X 10_12_5) AppleWebKit/537.36 (KHTML, like Gecko) Chrome/61.0.3163.100 Safari/537.36"
[Sat Oct 21 2017 11:44:37 GMT+0800 (CST)] "GET /blog" Error (404): "Not found"
[Sat Oct 21 2017 11:44:43 GMT+0800 (CST)] "GET /blog" "Mozilla/5.0 (Macintosh; Intel Mac OS X 10_12_5) AppleWebKit/537.36 (KHTML, like Gecko) Chrome/61.0.3163.100 Safari/537.36"
[Sat Oct 21 2017 11:44:43 GMT+0800 (CST)] "GET /blog" Error (404): "Not found"
[Sat Oct 21 2017 11:44:46 GMT+0800 (CST)] "GET /toastr.js.map" "Mozilla/5.0 (Macintosh; Intel Mac OS X 10_12_5) AppleWebKit/537.36 (KHTML, like Gecko) Chrome/61.0.3163.100 Safari/537.36"
[Sat Oct 21 2017 11:44:46 GMT+0800 (CST)] "GET /toastr.js.map" Error (404): "Not found"
[Sat Oct 21 2017 11:53:36 GMT+0800 (CST)] "GET /blog" "Mozilla/5.0 (Macintosh; Intel Mac OS X 10_12_5) AppleWebKit/537.36 (KHTML, like Gecko) Chrome/61.0.3163.100 Safari/537.36"
[Sat Oct 21 2017 11:53:36 GMT+0800 (CST)] "GET /blog" Error (404): "Not found"
[Sat Oct 21 2017 11:53:46 GMT+0800 (CST)] "GET /toastr.js.map" "Mozilla/5.0 (Macintosh; Intel Mac OS X 10_12_5) AppleWebKit/537.36 (KHTML, like Gecko) Chrome/61.0.3163.100 Safari/537.36"
[Sat Oct 21 2017 11:53:46 GMT+0800 (CST)] "GET /toastr.js.map" Error (404): "Not found"
[Sat Oct 21 2017 11:56:42 GMT+0800 (CST)] "GET /blog" "Mozilla/5.0 (Macintosh; Intel Mac OS X 10_12_5) AppleWebKit/537.36 (KHTML, like Gecko) Chrome/61.0.3163.100 Safari/537.36"
[Sat Oct 21 2017 11:56:42 GMT+0800 (CST)] "GET /blog" Error (404): "Not found"
[Sat Oct 21 2017 11:56:44 GMT+0800 (CST)] "GET /toastr.js.map" "Mozilla/5.0 (Macintosh; Intel Mac OS X 10_12_5) AppleWebKit/537.36 (KHTML, like Gecko) Chrome/61.0.3163.100 Safari/537.36"
[Sat Oct 21 2017 11:56:44 GMT+0800 (CST)] "GET /toastr.js.map" Error (404): "Not found"
[Sat Oct 21 2017 11:58:32 GMT+0800 (CST)] "GET /blog" "Mozilla/5.0 (Macintosh; Intel Mac OS X 10_12_5) AppleWebKit/537.36 (KHTML, like Gecko) Chrome/61.0.3163.100 Safari/537.36"
[Sat Oct 21 2017 11:58:32 GMT+0800 (CST)] "GET /blog" Error (404): "Not found"
[Sat Oct 21 2017 11:58:38 GMT+0800 (CST)] "GET /toastr.js.map" "Mozilla/5.0 (Macintosh; Intel Mac OS X 10_12_5) AppleWebKit/537.36 (KHTML, like Gecko) Chrome/61.0.3163.100 Safari/537.36"
[Sat Oct 21 2017 11:58:38 GMT+0800 (CST)] "GET /toastr.js.map" Error (404): "Not found"
[Sat Oct 21 2017 11:59:04 GMT+0800 (CST)] "GET /blog" "Mozilla/5.0 (Macintosh; Intel Mac OS X 10_12_5) AppleWebKit/537.36 (KHTML, like Gecko) Chrome/61.0.3163.100 Safari/537.36"
[Sat Oct 21 2017 11:59:04 GMT+0800 (CST)] "GET /blog" Error (404): "Not found"
[Sat Oct 21 2017 11:59:06 GMT+0800 (CST)] "GET /toastr.js.map" "Mozilla/5.0 (Macintosh; Intel Mac OS X 10_12_5) AppleWebKit/537.36 (KHTML, like Gecko) Chrome/61.0.3163.100 Safari/537.36"
[Sat Oct 21 2017 11:59:06 GMT+0800 (CST)] "GET /toastr.js.map" Error (404): "Not found"
[Sat Oct 21 2017 12:00:55 GMT+0800 (CST)] "GET /blog" "Mozilla/5.0 (Macintosh; Intel Mac OS X 10_12_5) AppleWebKit/537.36 (KHTML, like Gecko) Chrome/61.0.3163.100 Safari/537.36"
[Sat Oct 21 2017 12:00:55 GMT+0800 (CST)] "GET /blog" Error (404): "Not found"
[Sat Oct 21 2017 12:01:02 GMT+0800 (CST)] "GET /toastr.js.map" "Mozilla/5.0 (Macintosh; Intel Mac OS X 10_12_5) AppleWebKit/537.36 (KHTML, like Gecko) Chrome/61.0.3163.100 Safari/537.36"
[Sat Oct 21 2017 12:01:02 GMT+0800 (CST)] "GET /toastr.js.map" Error (404): "Not found"
[Sat Oct 21 2017 12:01:39 GMT+0800 (CST)] "GET /blog" "Mozilla/5.0 (Macintosh; Intel Mac OS X 10_12_5) AppleWebKit/537.36 (KHTML, like Gecko) Chrome/61.0.3163.100 Safari/537.36"
[Sat Oct 21 2017 12:01:39 GMT+0800 (CST)] "GET /blog" Error (404): "Not found"
[Sat Oct 21 2017 12:01:41 GMT+0800 (CST)] "GET /toastr.js.map" "Mozilla/5.0 (Macintosh; Intel Mac OS X 10_12_5) AppleWebKit/537.36 (KHTML, like Gecko) Chrome/61.0.3163.100 Safari/537.36"
[Sat Oct 21 2017 12:01:41 GMT+0800 (CST)] "GET /toastr.js.map" Error (404): "Not found"
[Sat Oct 21 2017 12:04:55 GMT+0800 (CST)] "GET /blog" "Mozilla/5.0 (Macintosh; Intel Mac OS X 10_12_5) AppleWebKit/537.36 (KHTML, like Gecko) Chrome/61.0.3163.100 Safari/537.36"
[Sat Oct 21 2017 12:04:55 GMT+0800 (CST)] "GET /blog" Error (404): "Not found"
[Sat Oct 21 2017 12:04:59 GMT+0800 (CST)] "GET /toastr.js.map" "Mozilla/5.0 (Macintosh; Intel Mac OS X 10_12_5) AppleWebKit/537.36 (KHTML, like Gecko) Chrome/61.0.3163.100 Safari/537.36"
[Sat Oct 21 2017 12:04:59 GMT+0800 (CST)] "GET /toastr.js.map" Error (404): "Not found"
[Sat Oct 21 2017 12:26:26 GMT+0800 (CST)] "GET /blog" "Mozilla/5.0 (Macintosh; Intel Mac OS X 10_12_5) AppleWebKit/537.36 (KHTML, like Gecko) Chrome/61.0.3163.100 Safari/537.36"
[Sat Oct 21 2017 12:26:26 GMT+0800 (CST)] "GET /blog" Error (404): "Not found"
[Sat Oct 21 2017 12:26:28 GMT+0800 (CST)] "GET /toastr.js.map" "Mozilla/5.0 (Macintosh; Intel Mac OS X 10_12_5) AppleWebKit/537.36 (KHTML, like Gecko) Chrome/61.0.3163.100 Safari/537.36"
[Sat Oct 21 2017 12:26:28 GMT+0800 (CST)] "GET /toastr.js.map" Error (404): "Not found"
[Sat Oct 21 2017 12:26:57 GMT+0800 (CST)] "GET /blog" "Mozilla/5.0 (Macintosh; Intel Mac OS X 10_12_5) AppleWebKit/537.36 (KHTML, like Gecko) Chrome/61.0.3163.100 Safari/537.36"
[Sat Oct 21 2017 12:26:57 GMT+0800 (CST)] "GET /blog" Error (404): "Not found"
[Sat Oct 21 2017 12:27:00 GMT+0800 (CST)] "GET /toastr.js.map" "Mozilla/5.0 (Macintosh; Intel Mac OS X 10_12_5) AppleWebKit/537.36 (KHTML, like Gecko) Chrome/61.0.3163.100 Safari/537.36"
[Sat Oct 21 2017 12:27:00 GMT+0800 (CST)] "GET /toastr.js.map" Error (404): "Not found"
[Sat Oct 21 2017 12:29:26 GMT+0800 (CST)] "GET /blog" "Mozilla/5.0 (Macintosh; Intel Mac OS X 10_12_5) AppleWebKit/537.36 (KHTML, like Gecko) Chrome/61.0.3163.100 Safari/537.36"
[Sat Oct 21 2017 12:29:26 GMT+0800 (CST)] "GET /blog" Error (404): "Not found"
[Sat Oct 21 2017 12:29:28 GMT+0800 (CST)] "GET /toastr.js.map" "Mozilla/5.0 (Macintosh; Intel Mac OS X 10_12_5) AppleWebKit/537.36 (KHTML, like Gecko) Chrome/61.0.3163.100 Safari/537.36"
[Sat Oct 21 2017 12:29:28 GMT+0800 (CST)] "GET /toastr.js.map" Error (404): "Not found"
[Sat Oct 21 2017 12:30:13 GMT+0800 (CST)] "GET /blog" "Mozilla/5.0 (Macintosh; Intel Mac OS X 10_12_5) AppleWebKit/537.36 (KHTML, like Gecko) Chrome/61.0.3163.100 Safari/537.36"
[Sat Oct 21 2017 12:30:13 GMT+0800 (CST)] "GET /blog" Error (404): "Not found"
[Sat Oct 21 2017 12:30:15 GMT+0800 (CST)] "GET /toastr.js.map" "Mozilla/5.0 (Macintosh; Intel Mac OS X 10_12_5) AppleWebKit/537.36 (KHTML, like Gecko) Chrome/61.0.3163.100 Safari/537.36"
[Sat Oct 21 2017 12:30:15 GMT+0800 (CST)] "GET /toastr.js.map" Error (404): "Not found"
http-server stopped.
